2024-12-31T19:05:38.918+08:00  INFO 14344 --- [main] cc.perlink.Application                   : Starting Application using Java 17.0.12 with PID 14344 (C:\Users\htobs\IdeaProjects\CloudPilev-0.0.1\target\classes started by htobs in C:\Users\htobs\IdeaProjects\CloudPilev-0.0.1)
2024-12-31T19:05:38.922+08:00  INFO 14344 --- [main] cc.perlink.Application                   : No active profile set, falling back to 1 default profile: "default"
2024-12-31T19:05:39.417+08:00  INFO 14344 --- [main] .s.d.r.c.RepositoryConfigurationDelegate : Multiple Spring Data modules found, entering strict repository configuration mode
2024-12-31T19:05:39.419+08:00  INFO 14344 --- [main] .s.d.r.c.RepositoryConfigurationDelegate : Bootstrapping Spring Data Redis repositories in DEFAULT mode.
2024-12-31T19:05:39.444+08:00  INFO 14344 --- [main] .s.d.r.c.RepositoryConfigurationDelegate : Finished Spring Data repository scanning in 7 ms. Found 0 Redis repository interfaces.
2024-12-31T19:05:39.865+08:00  INFO 14344 --- [main] o.s.b.w.embedded.tomcat.TomcatWebServer  : Tomcat initialized with port(s): 4467 (http)
2024-12-31T19:05:39.872+08:00  INFO 14344 --- [main] o.apache.catalina.core.StandardService   : Starting service [Tomcat]
2024-12-31T19:05:39.873+08:00  INFO 14344 --- [main] o.apache.catalina.core.StandardEngine    : Starting Servlet engine: [Apache Tomcat/10.1.12]
2024-12-31T19:05:39.938+08:00  INFO 14344 --- [main] o.a.c.c.C.[Tomcat].[localhost].[/]       : Initializing Spring embedded WebApplicationContext
2024-12-31T19:05:39.939+08:00  INFO 14344 --- [main] w.s.c.ServletWebServerApplicationContext : Root WebApplicationContext: initialization completed in 990 ms
2024-12-31T19:05:40.784+08:00  INFO 14344 --- [main] o.s.b.w.embedded.tomcat.TomcatWebServer  : Tomcat started on port(s): 4467 (http) with context path ''
2024-12-31T19:05:40.790+08:00  INFO 14344 --- [main] cc.perlink.Application                   : Started Application in 2.19 seconds (process running for 2.709)
2024-12-31T19:05:40.791+08:00  INFO 14344 --- [main] cc.perlink.Application                   : CloudPile服务已启动
2024-12-31T19:51:33.088+08:00  INFO 10604 --- [main] cc.perlink.Application                   : Starting Application using Java 17.0.12 with PID 10604 (C:\Users\htobs\IdeaProjects\CloudPilev-0.0.1\target\classes started by htobs in C:\Users\htobs\IdeaProjects\CloudPilev-0.0.1)
2024-12-31T19:51:33.090+08:00  INFO 10604 --- [main] cc.perlink.Application                   : No active profile set, falling back to 1 default profile: "default"
2024-12-31T19:51:33.595+08:00  INFO 10604 --- [main] .s.d.r.c.RepositoryConfigurationDelegate : Multiple Spring Data modules found, entering strict repository configuration mode
2024-12-31T19:51:33.598+08:00  INFO 10604 --- [main] .s.d.r.c.RepositoryConfigurationDelegate : Bootstrapping Spring Data Redis repositories in DEFAULT mode.
2024-12-31T19:51:33.624+08:00  INFO 10604 --- [main] .s.d.r.c.RepositoryConfigurationDelegate : Finished Spring Data repository scanning in 13 ms. Found 0 Redis repository interfaces.
2024-12-31T19:51:34.082+08:00  INFO 10604 --- [main] o.s.b.w.embedded.tomcat.TomcatWebServer  : Tomcat initialized with port(s): 4467 (http)
2024-12-31T19:51:34.090+08:00  INFO 10604 --- [main] o.apache.catalina.core.StandardService   : Starting service [Tomcat]
2024-12-31T19:51:34.090+08:00  INFO 10604 --- [main] o.apache.catalina.core.StandardEngine    : Starting Servlet engine: [Apache Tomcat/10.1.12]
2024-12-31T19:51:34.195+08:00  INFO 10604 --- [main] o.a.c.c.C.[Tomcat].[localhost].[/]       : Initializing Spring embedded WebApplicationContext
2024-12-31T19:51:34.198+08:00  INFO 10604 --- [main] w.s.c.ServletWebServerApplicationContext : Root WebApplicationContext: initialization completed in 1081 ms
2024-12-31T19:51:36.113+08:00  INFO 10604 --- [main] o.s.b.w.embedded.tomcat.TomcatWebServer  : Tomcat started on port(s): 4467 (http) with context path ''
2024-12-31T19:51:36.118+08:00  INFO 10604 --- [main] cc.perlink.Application                   : Started Application in 3.358 seconds (process running for 3.848)
2024-12-31T19:51:36.120+08:00  INFO 10604 --- [main] cc.perlink.Application                   : CloudPile服务已启动
2024-12-31T20:11:01.514+08:00  INFO 3008 --- [main] cc.perlink.Application                   : Starting Application using Java 17.0.12 with PID 3008 (C:\Users\htobs\IdeaProjects\CloudPilev-0.0.1\target\classes started by htobs in C:\Users\htobs\IdeaProjects\CloudPilev-0.0.1)
2024-12-31T20:11:01.516+08:00  INFO 3008 --- [main] cc.perlink.Application                   : No active profile set, falling back to 1 default profile: "default"
2024-12-31T20:11:02.091+08:00  INFO 3008 --- [main] .s.d.r.c.RepositoryConfigurationDelegate : Multiple Spring Data modules found, entering strict repository configuration mode
2024-12-31T20:11:02.094+08:00  INFO 3008 --- [main] .s.d.r.c.RepositoryConfigurationDelegate : Bootstrapping Spring Data Redis repositories in DEFAULT mode.
2024-12-31T20:11:02.114+08:00  INFO 3008 --- [main] .s.d.r.c.RepositoryConfigurationDelegate : Finished Spring Data repository scanning in 8 ms. Found 0 Redis repository interfaces.
2024-12-31T20:11:04.674+08:00  INFO 3008 --- [main] o.s.b.w.embedded.tomcat.TomcatWebServer  : Tomcat initialized with port(s): 4467 (http)
2024-12-31T20:11:04.685+08:00  INFO 3008 --- [main] o.apache.catalina.core.StandardService   : Starting service [Tomcat]
2024-12-31T20:11:04.685+08:00  INFO 3008 --- [main] o.apache.catalina.core.StandardEngine    : Starting Servlet engine: [Apache Tomcat/10.1.12]
2024-12-31T20:11:04.755+08:00  INFO 3008 --- [main] o.a.c.c.C.[Tomcat].[localhost].[/]       : Initializing Spring embedded WebApplicationContext
2024-12-31T20:11:04.756+08:00  INFO 3008 --- [main] w.s.c.ServletWebServerApplicationContext : Root WebApplicationContext: initialization completed in 3209 ms
2024-12-31T20:11:05.790+08:00  INFO 3008 --- [main] o.s.b.w.embedded.tomcat.TomcatWebServer  : Tomcat started on port(s): 4467 (http) with context path ''
2024-12-31T20:11:05.795+08:00  INFO 3008 --- [main] cc.perlink.Application                   : Started Application in 4.65 seconds (process running for 5.167)
2024-12-31T20:11:05.796+08:00  INFO 3008 --- [main] cc.perlink.Application                   : CloudPile服务已启动
2024-12-31T20:11:30.651+08:00  INFO 3008 --- [http-nio-4467-exec-2] o.a.c.c.C.[Tomcat].[localhost].[/]       : Initializing Spring DispatcherServlet 'dispatcherServlet'
2024-12-31T20:11:30.651+08:00  INFO 3008 --- [http-nio-4467-exec-2] o.s.web.servlet.DispatcherServlet        : Initializing Servlet 'dispatcherServlet'
2024-12-31T20:11:30.652+08:00  INFO 3008 --- [http-nio-4467-exec-2] o.s.web.servlet.DispatcherServlet        : Completed initialization in 1 ms
2024-12-31T20:11:30.666+08:00 ERROR 3008 --- [http-nio-4467-exec-2] o.a.c.c.C.[.[.[/].[dispatcherServlet]    : Servlet.service() for servlet [dispatcherServlet] in context with path [] threw exception [Request processing failed: cc.perlink.exception.ExceptionMissing: 用户未登录] with root cause

cc.perlink.exception.ExceptionMissing: 用户未登录
	at cc.perlink.interceptors.LoginInterceptor.preHandle(LoginInterceptor.java:49) ~[classes/:na]
	at org.springframework.web.servlet.HandlerExecutionChain.applyPreHandle(HandlerExecutionChain.java:146) ~[spring-webmvc-6.0.11.jar:6.0.11]
	at org.springframework.web.servlet.DispatcherServlet.doDispatch(DispatcherServlet.java:1076) ~[spring-webmvc-6.0.11.jar:6.0.11]
	at org.springframework.web.servlet.DispatcherServlet.doService(DispatcherServlet.java:974) ~[spring-webmvc-6.0.11.jar:6.0.11]
	at org.springframework.web.servlet.FrameworkServlet.processRequest(FrameworkServlet.java:1011) ~[spring-webmvc-6.0.11.jar:6.0.11]
	at org.springframework.web.servlet.FrameworkServlet.doPost(FrameworkServlet.java:914) ~[spring-webmvc-6.0.11.jar:6.0.11]
	at jakarta.servlet.http.HttpServlet.service(HttpServlet.java:590) ~[tomcat-embed-core-10.1.12.jar:6.0]
	at org.springframework.web.servlet.FrameworkServlet.service(FrameworkServlet.java:885) ~[spring-webmvc-6.0.11.jar:6.0.11]
	at jakarta.servlet.http.HttpServlet.service(HttpServlet.java:658) ~[tomcat-embed-core-10.1.12.jar:6.0]
	at org.apache.catalina.core.ApplicationFilterChain.internalDoFilter(ApplicationFilterChain.java:205) ~[tomcat-embed-core-10.1.12.jar:10.1.12]
	at org.apache.catalina.core.ApplicationFilterChain.doFilter(ApplicationFilterChain.java:149) ~[tomcat-embed-core-10.1.12.jar:10.1.12]
	at org.apache.tomcat.websocket.server.WsFilter.doFilter(WsFilter.java:51) ~[tomcat-embed-websocket-10.1.12.jar:10.1.12]
	at org.apache.catalina.core.ApplicationFilterChain.internalDoFilter(ApplicationFilterChain.java:174) ~[tomcat-embed-core-10.1.12.jar:10.1.12]
	at org.apache.catalina.core.ApplicationFilterChain.doFilter(ApplicationFilterChain.java:149) ~[tomcat-embed-core-10.1.12.jar:10.1.12]
	at org.springframework.web.filter.RequestContextFilter.doFilterInternal(RequestContextFilter.java:100) ~[spring-web-6.0.11.jar:6.0.11]
	at org.springframework.web.filter.OncePerRequestFilter.doFilter(OncePerRequestFilter.java:116) ~[spring-web-6.0.11.jar:6.0.11]
	at org.apache.catalina.core.ApplicationFilterChain.internalDoFilter(ApplicationFilterChain.java:174) ~[tomcat-embed-core-10.1.12.jar:10.1.12]
	at org.apache.catalina.core.ApplicationFilterChain.doFilter(ApplicationFilterChain.java:149) ~[tomcat-embed-core-10.1.12.jar:10.1.12]
	at org.springframework.web.filter.FormContentFilter.doFilterInternal(FormContentFilter.java:93) ~[spring-web-6.0.11.jar:6.0.11]
	at org.springframework.web.filter.OncePerRequestFilter.doFilter(OncePerRequestFilter.java:116) ~[spring-web-6.0.11.jar:6.0.11]
	at org.apache.catalina.core.ApplicationFilterChain.internalDoFilter(ApplicationFilterChain.java:174) ~[tomcat-embed-core-10.1.12.jar:10.1.12]
	at org.apache.catalina.core.ApplicationFilterChain.doFilter(ApplicationFilterChain.java:149) ~[tomcat-embed-core-10.1.12.jar:10.1.12]
	at org.springframework.web.filter.CharacterEncodingFilter.doFilterInternal(CharacterEncodingFilter.java:201) ~[spring-web-6.0.11.jar:6.0.11]
	at org.springframework.web.filter.OncePerRequestFilter.doFilter(OncePerRequestFilter.java:116) ~[spring-web-6.0.11.jar:6.0.11]
	at org.apache.catalina.core.ApplicationFilterChain.internalDoFilter(ApplicationFilterChain.java:174) ~[tomcat-embed-core-10.1.12.jar:10.1.12]
	at org.apache.catalina.core.ApplicationFilterChain.doFilter(ApplicationFilterChain.java:149) ~[tomcat-embed-core-10.1.12.jar:10.1.12]
	at org.apache.catalina.core.StandardWrapperValve.invoke(StandardWrapperValve.java:166) ~[tomcat-embed-core-10.1.12.jar:10.1.12]
	at org.apache.catalina.core.StandardContextValve.invoke(StandardContextValve.java:90) ~[tomcat-embed-core-10.1.12.jar:10.1.12]
	at org.apache.catalina.authenticator.AuthenticatorBase.invoke(AuthenticatorBase.java:482) ~[tomcat-embed-core-10.1.12.jar:10.1.12]
	at org.apache.catalina.core.StandardHostValve.invoke(StandardHostValve.java:115) ~[tomcat-embed-core-10.1.12.jar:10.1.12]
	at org.apache.catalina.valves.ErrorReportValve.invoke(ErrorReportValve.java:93) ~[tomcat-embed-core-10.1.12.jar:10.1.12]
	at org.apache.catalina.core.StandardEngineValve.invoke(StandardEngineValve.java:74) ~[tomcat-embed-core-10.1.12.jar:10.1.12]
	at org.apache.catalina.connector.CoyoteAdapter.service(CoyoteAdapter.java:341) ~[tomcat-embed-core-10.1.12.jar:10.1.12]
	at org.apache.coyote.http11.Http11Processor.service(Http11Processor.java:391) ~[tomcat-embed-core-10.1.12.jar:10.1.12]
	at org.apache.coyote.AbstractProcessorLight.process(AbstractProcessorLight.java:63) ~[tomcat-embed-core-10.1.12.jar:10.1.12]
	at org.apache.coyote.AbstractProtocol$ConnectionHandler.process(AbstractProtocol.java:894) ~[tomcat-embed-core-10.1.12.jar:10.1.12]
	at org.apache.tomcat.util.net.NioEndpoint$SocketProcessor.doRun(NioEndpoint.java:1740) ~[tomcat-embed-core-10.1.12.jar:10.1.12]
	at org.apache.tomcat.util.net.SocketProcessorBase.run(SocketProcessorBase.java:52) ~[tomcat-embed-core-10.1.12.jar:10.1.12]
	at org.apache.tomcat.util.threads.ThreadPoolExecutor.runWorker(ThreadPoolExecutor.java:1191) ~[tomcat-embed-core-10.1.12.jar:10.1.12]
	at org.apache.tomcat.util.threads.ThreadPoolExecutor$Worker.run(ThreadPoolExecutor.java:659) ~[tomcat-embed-core-10.1.12.jar:10.1.12]
	at org.apache.tomcat.util.threads.TaskThread$WrappingRunnable.run(TaskThread.java:61) ~[tomcat-embed-core-10.1.12.jar:10.1.12]
	at java.base/java.lang.Thread.run(Thread.java:840) ~[na:na]

2024-12-31T20:46:46.846+08:00  INFO 10164 --- [main] cc.perlink.Application                   : Starting Application using Java 17.0.12 with PID 10164 (C:\Users\htobs\IdeaProjects\CloudPilev-0.0.1\target\classes started by htobs in C:\Users\htobs\IdeaProjects\CloudPilev-0.0.1)
2024-12-31T20:46:46.847+08:00  INFO 10164 --- [main] cc.perlink.Application                   : No active profile set, falling back to 1 default profile: "default"
2024-12-31T20:46:47.309+08:00  INFO 10164 --- [main] .s.d.r.c.RepositoryConfigurationDelegate : Multiple Spring Data modules found, entering strict repository configuration mode
2024-12-31T20:46:47.311+08:00  INFO 10164 --- [main] .s.d.r.c.RepositoryConfigurationDelegate : Bootstrapping Spring Data Redis repositories in DEFAULT mode.
2024-12-31T20:46:47.331+08:00  INFO 10164 --- [main] .s.d.r.c.RepositoryConfigurationDelegate : Finished Spring Data repository scanning in 7 ms. Found 0 Redis repository interfaces.
2024-12-31T20:46:47.751+08:00  INFO 10164 --- [main] o.s.b.w.embedded.tomcat.TomcatWebServer  : Tomcat initialized with port(s): 4467 (http)
2024-12-31T20:46:47.758+08:00  INFO 10164 --- [main] o.apache.catalina.core.StandardService   : Starting service [Tomcat]
2024-12-31T20:46:47.758+08:00  INFO 10164 --- [main] o.apache.catalina.core.StandardEngine    : Starting Servlet engine: [Apache Tomcat/10.1.12]
2024-12-31T20:46:47.819+08:00  INFO 10164 --- [main] o.a.c.c.C.[Tomcat].[localhost].[/]       : Initializing Spring embedded WebApplicationContext
2024-12-31T20:46:47.820+08:00  INFO 10164 --- [main] w.s.c.ServletWebServerApplicationContext : Root WebApplicationContext: initialization completed in 948 ms
2024-12-31T20:46:48.654+08:00  INFO 10164 --- [main] o.s.b.w.embedded.tomcat.TomcatWebServer  : Tomcat started on port(s): 4467 (http) with context path ''
2024-12-31T20:46:48.659+08:00  INFO 10164 --- [main] cc.perlink.Application                   : Started Application in 2.115 seconds (process running for 2.59)
2024-12-31T20:46:48.660+08:00  INFO 10164 --- [main] cc.perlink.Application                   : CloudPile服务已启动
2024-12-31T20:47:37.381+08:00  INFO 5448 --- [main] cc.perlink.Application                   : Starting Application using Java 17.0.12 with PID 5448 (C:\Users\htobs\IdeaProjects\CloudPilev-0.0.1\target\classes started by htobs in C:\Users\htobs\IdeaProjects\CloudPilev-0.0.1)
2024-12-31T20:47:37.382+08:00  INFO 5448 --- [main] cc.perlink.Application                   : No active profile set, falling back to 1 default profile: "default"
2024-12-31T20:47:37.751+08:00  INFO 5448 --- [main] .s.d.r.c.RepositoryConfigurationDelegate : Multiple Spring Data modules found, entering strict repository configuration mode
2024-12-31T20:47:37.753+08:00  INFO 5448 --- [main] .s.d.r.c.RepositoryConfigurationDelegate : Bootstrapping Spring Data Redis repositories in DEFAULT mode.
2024-12-31T20:47:37.770+08:00  INFO 5448 --- [main] .s.d.r.c.RepositoryConfigurationDelegate : Finished Spring Data repository scanning in 10 ms. Found 0 Redis repository interfaces.
2024-12-31T20:47:38.103+08:00  INFO 5448 --- [main] o.s.b.w.embedded.tomcat.TomcatWebServer  : Tomcat initialized with port(s): 4467 (http)
2024-12-31T20:47:38.109+08:00  INFO 5448 --- [main] o.apache.catalina.core.StandardService   : Starting service [Tomcat]
2024-12-31T20:47:38.109+08:00  INFO 5448 --- [main] o.apache.catalina.core.StandardEngine    : Starting Servlet engine: [Apache Tomcat/10.1.12]
2024-12-31T20:47:38.161+08:00  INFO 5448 --- [main] o.a.c.c.C.[Tomcat].[localhost].[/]       : Initializing Spring embedded WebApplicationContext
2024-12-31T20:47:38.161+08:00  INFO 5448 --- [main] w.s.c.ServletWebServerApplicationContext : Root WebApplicationContext: initialization completed in 756 ms
2024-12-31T20:47:38.817+08:00  INFO 5448 --- [main] o.s.b.w.embedded.tomcat.TomcatWebServer  : Tomcat started on port(s): 4467 (http) with context path ''
2024-12-31T20:47:38.822+08:00  INFO 5448 --- [main] cc.perlink.Application                   : Started Application in 1.68 seconds (process running for 1.977)
2024-12-31T20:47:38.823+08:00  INFO 5448 --- [main] cc.perlink.Application                   : CloudPile服务已启动
2024-12-31T20:48:19.939+08:00  INFO 8352 --- [main] cc.perlink.Application                   : Starting Application using Java 17.0.12 with PID 8352 (C:\Users\htobs\IdeaProjects\CloudPilev-0.0.1\target\classes started by htobs in C:\Users\htobs\IdeaProjects\CloudPilev-0.0.1)
2024-12-31T20:48:19.941+08:00  INFO 8352 --- [main] cc.perlink.Application                   : No active profile set, falling back to 1 default profile: "default"
2024-12-31T20:48:20.301+08:00  INFO 8352 --- [main] .s.d.r.c.RepositoryConfigurationDelegate : Multiple Spring Data modules found, entering strict repository configuration mode
2024-12-31T20:48:20.303+08:00  INFO 8352 --- [main] .s.d.r.c.RepositoryConfigurationDelegate : Bootstrapping Spring Data Redis repositories in DEFAULT mode.
2024-12-31T20:48:20.322+08:00  INFO 8352 --- [main] .s.d.r.c.RepositoryConfigurationDelegate : Finished Spring Data repository scanning in 9 ms. Found 0 Redis repository interfaces.
2024-12-31T20:48:20.647+08:00  INFO 8352 --- [main] o.s.b.w.embedded.tomcat.TomcatWebServer  : Tomcat initialized with port(s): 4467 (http)
2024-12-31T20:48:20.652+08:00  INFO 8352 --- [main] o.apache.catalina.core.StandardService   : Starting service [Tomcat]
2024-12-31T20:48:20.652+08:00  INFO 8352 --- [main] o.apache.catalina.core.StandardEngine    : Starting Servlet engine: [Apache Tomcat/10.1.12]
2024-12-31T20:48:20.702+08:00  INFO 8352 --- [main] o.a.c.c.C.[Tomcat].[localhost].[/]       : Initializing Spring embedded WebApplicationContext
2024-12-31T20:48:20.702+08:00  INFO 8352 --- [main] w.s.c.ServletWebServerApplicationContext : Root WebApplicationContext: initialization completed in 738 ms
2024-12-31T20:48:21.368+08:00  INFO 8352 --- [main] o.s.b.w.embedded.tomcat.TomcatWebServer  : Tomcat started on port(s): 4467 (http) with context path ''
2024-12-31T20:48:21.373+08:00  INFO 8352 --- [main] cc.perlink.Application                   : Started Application in 1.678 seconds (process running for 1.979)
2024-12-31T20:48:21.374+08:00  INFO 8352 --- [main] cc.perlink.Application                   : CloudPile服务已启动
